<?xml version="1.0" encoding="UTF-8"?>
<!-- Generated by org.testng.reporters.JUnitReportReporter -->
<testsuite skipped="0" hostname="Salim" name="scripts.TestScripts" tests="2" failures="0" timestamp="2020-09-02T16:58:44 CDT" time="24.991" errors="0">
  <testcase name="testSortListBox" time="13.325" classname="scripts.TestScripts"/>
  <system-out>
Title is matchingOrangeHRM List box is sorted  </system-out>
  <testcase name="testCreateEmployee" time="11.666" classname="scripts.TestScripts"/>
  <system-out>
Title is matchingOrangeHRM  </system-out>
</testsuite> <!-- scripts.TestScripts -->
